<?xml version="1.0" encoding="UTF-8"?>
<!-- Generated by org.testng.reporters.JUnitXMLReporter -->
<testsuite ignored="2" hostname="DESKTOP-6F1I9VR" failures="0" tests="0" time="0.012" errors="0" timestamp="2023-06-27T13:00:57 IST">
  <testcase classname="TestCases.Test_case1" name="test_account" time="0.0">
    <ignored/>
  </testcase> <!-- test_account -->
  <testcase classname="TestCases.Test_case2" name="staff_account" time="0.0">
    <ignored/>
  </testcase> <!-- staff_account -->
</testsuite>
