<?xml version="1.0" encoding="UTF-8"?>
<testng-results ignored="0" total="1" passed="1" failed="0" skipped="0">
  <reporter-output>
  </reporter-output>
  <suite started-at="2023-06-12T12:23:10 IST" name="Default suite" finished-at="2023-06-12T12:23:29 IST" duration-ms="18767">
    <groups>
    </groups>
    <test started-at="2023-06-12T12:23:10 IST" name="Default test" finished-at="2023-06-12T12:23:29 IST" duration-ms="18767">
      <class name="TestCases.Test_case1">
        <test-method is-config="true" signature="setup()[pri:0, instance:TestCases.Test_case1@6771beb3]" started-at="2023-06-12T12:23:11 IST" name="setup" finished-at="2023-06-12T12:23:17 IST" duration-ms="6934" status="PASS">
          <reporter-output>
          </reporter-output>
        </test-method> <!-- setup -->
        <test-method signature="test_account()[pri:0, instance:TestCases.Test_case1@6771beb3]" started-at="2023-06-12T12:23:17 IST" name="test_account" finished-at="2023-06-12T12:23:29 IST" duration-ms="11780" status="PASS">
          <reporter-output>
          </reporter-output>
        </test-method> <!-- test_account -->
        <test-method is-config="true" signature="teardown()[pri:0, instance:TestCases.Test_case1@6771beb3]" started-at="2023-06-12T12:23:29 IST" name="teardown" finished-at="2023-06-12T12:23:29 IST" duration-ms="1" status="PASS">
          <reporter-output>
          </reporter-output>
        </test-method> <!-- teardown -->
      </class> <!-- TestCases.Test_case1 -->
    </test> <!-- Default test -->
  </suite> <!-- Default suite -->
</testng-results>
